<?xml version="1.0" encoding="UTF-8"?>
<!-- Generated by org.testng.reporters.JUnitReportReporter -->
<testsuite hostname="Naveen-PC" failures="0" tests="2" name="com.crm.comcast.GenericUtils.DatabaseUtility" time="0.706" errors="0" timestamp="2021-06-04T21:36:08 IST" skipped="0">
  <testcase classname="com.crm.comcast.GenericUtils.DatabaseUtility" name="databaseExecuteQuery" time="0.677"/>
  <system-out/>
  <testcase classname="com.crm.comcast.GenericUtils.DatabaseUtility" name="databaseExecuteUpdate" time="0.029"/>
  <system-out/>
</testsuite> <!-- com.crm.comcast.GenericUtils.DatabaseUtility -->
