<?xml version="1.0" encoding="UTF-8"?>
<!-- Generated by org.testng.reporters.JUnitReportReporter -->
<testsuite hostname="Naveen-PC" failures="0" tests="1" name="com.crm.comcast.GenericUtils.JavaUtlity" time="0.032" errors="0" timestamp="2021-06-06T19:09:52 IST" skipped="0">
  <testcase classname="com.crm.comcast.GenericUtils.JavaUtlity" name="getRandomNumber" time="0.032"/>
  <system-out/>
</testsuite> <!-- com.crm.comcast.GenericUtils.JavaUtlity -->
